<?xml version="1.0" encoding="UTF-8"?>
<!-- Generated by org.testng.reporters.JUnitReportReporter -->
<testsuite hostname="Serenity" failures="0" tests="1" name="com.crm.org.CmdTest" time="0.017" errors="0" timestamp="2021-10-22T15:11:15 IST" skipped="0">
  <testcase classname="com.crm.org.CmdTest" name="cmdtest" time="0.017"/>
</testsuite> <!-- com.crm.org.CmdTest -->
